{
  "RSpec": {
    "coverage": {
      "/Users/siqs/Documents/GitHub/eng_si/spec/helpers/welcome_helper_spec.rb": [
        1,
        null,
        null,
        null,
        null,
        null,
        null,
        null,
        null,
        null,
        null,
        null,
        0,
        0,
        null
      ],
      "/Users/siqs/Documents/GitHub/eng_si/spec/rails_helper.rb": [
        null,
        1,
        1,
        1,
        null,
        1,
        1,
        null,
        null,
        null,
        null,
        null,
        null,
        null,
        null,
        null,
        null,
        null,
        null,
        null,
        null,
        null,
        null,
        null,
        null,
        null,
        null,
        1,
        null,
        0,
        0,
        null,
        0,
        null,
        0,
        null,
        null,
        null,
        null,
        0,
        null,
        null,
        null,
        null,
        null,
        null,
        null,
        null,
        null,
        null,
        null,
        null,
        null,
        null,
        null,
        null,
        null,
        0,
        null,
        null,
        0,
        null,
        null,
        null
      ],
      "/Users/siqs/Documents/GitHub/eng_si/config/environment.rb": [
        null,
        1,
        null,
        null,
        1
      ],
      "/Users/siqs/Documents/GitHub/eng_si/config/application.rb": [
        1,
        null,
        1,
        null,
        null,
        null,
        1,
        null,
        1,
        1,
        null,
        1,
        null,
        null,
        null,
        null,
        null,
        null,
        null
      ],
      "/Users/siqs/Documents/GitHub/eng_si/config/boot.rb": [
        1,
        null,
        1,
        1
      ],
      "/Users/siqs/Documents/GitHub/eng_si/config/environments/test.rb": [
        null,
        null,
        null,
        null,
        null,
        1,
        null,
        null,
        1,
        1,
        null,
        null,
        null,
        null,
        1,
        null,
        null,
        1,
        1,
        null,
        null,
        null,
        null,
        1,
        1,
        1,
        null,
        null,
        1,
        null,
        null,
        1,
        null,
        null,
        1,
        null,
        1,
        null,
        null,
        null,
        null,
        1,
        null,
        null,
        1,
        null,
        null,
        null,
        null
      ],
      "/Users/siqs/Documents/GitHub/eng_si/config/initializers/application_controller_renderer.rb": [
        null,
        null,
        null,
        null,
        null,
        null,
        null,
        null
      ],
      "/Users/siqs/Documents/GitHub/eng_si/config/initializers/assets.rb": [
        null,
        null,
        null,
        1,
        null,
        null,
        null,
        null,
        1,
        null,
        null,
        null,
        null,
        null
      ],
      "/Users/siqs/Documents/GitHub/eng_si/config/initializers/backtrace_silencers.rb": [
        null,
        null,
        null,
        null,
        null,
        null,
        null
      ],
      "/Users/siqs/Documents/GitHub/eng_si/config/initializers/content_security_policy.rb": [
        null,
        null,
        null,
        null,
        null,
        null,
        null,
        null,
        null,
        null,
        null,
        null,
        null,
        null,
        null,
        null,
        null,
        null,
        null,
        null,
        null,
        null,
        null,
        null,
        null,
        null,
        null,
        null,
        null,
        null
      ],
      "/Users/siqs/Documents/GitHub/eng_si/config/initializers/cookies_serializer.rb": [
        null,
        null,
        null,
        null,
        1
      ],
      "/Users/siqs/Documents/GitHub/eng_si/config/initializers/filter_parameter_logging.rb": [
        null,
        null,
        null,
        1
      ],
      "/Users/siqs/Documents/GitHub/eng_si/config/initializers/inflections.rb": [
        null,
        null,
        null,
        null,
        null,
        null,
        null,
        null,
        null,
        null,
        null,
        null,
        null,
        null,
        null,
        null
      ],
      "/Users/siqs/Documents/GitHub/eng_si/config/initializers/mime_types.rb": [
        null,
        null,
        null,
        null
      ],
      "/Users/siqs/Documents/GitHub/eng_si/config/initializers/wrap_parameters.rb": [
        null,
        null,
        null,
        null,
        null,
        null,
        1,
        2,
        null,
        null,
        null,
        null,
        null,
        null
      ],
      "/Users/siqs/Documents/GitHub/eng_si/config/routes.rb": [
        1,
        1,
        1,
        null,
        null
      ],
      "/Users/siqs/Documents/GitHub/eng_si/app/helpers/application_helper.rb": [
        1,
        null
      ],
      "/Users/siqs/Documents/GitHub/eng_si/app/helpers/welcome_helper.rb": [
        1,
        null
      ],
      "/Users/siqs/Documents/GitHub/eng_si/spec/models/clinica_spec.rb": [
        1,
        null,
        0,
        0,
        null
      ],
      "/Users/siqs/Documents/GitHub/eng_si/spec/requests/welcome_request_spec.rb": [
        1,
        null,
        0,
        null,
        0,
        0,
        0,
        0,
        null,
        null,
        null,
        null
      ],
      "/Users/siqs/Documents/GitHub/eng_si/spec/views/welcome/index.html.erb_spec.rb": [
        1,
        null,
        0,
        0,
        null
      ]
    },
    "timestamp": 1602024608
  }
}
